<?xml version="1.0" encoding="UTF-8"?>
<testng-results ignored="0" total="1" passed="1" failed="0" skipped="0">
  <reporter-output>
  </reporter-output>
  <suite started-at="2023-02-12T17:22:01 EST" name="Default suite" finished-at="2023-02-12T17:22:15 EST" duration-ms="13557">
    <groups>
    </groups>
    <test started-at="2023-02-12T17:22:01 EST" name="Default test" finished-at="2023-02-12T17:22:15 EST" duration-ms="13557">
      <class name="Selenium.com.supplyhouse.search">
        <test-method signature="launch()[pri:0, instance:Selenium.com.supplyhouse.search@4229bb3f]" started-at="2023-02-12T17:22:01 EST" name="launch" finished-at="2023-02-12T17:22:15 EST" duration-ms="13494" status="PASS">
          <reporter-output>
          </reporter-output>
        </test-method> <!-- launch -->
      </class> <!-- Selenium.com.supplyhouse.search -->
    </test> <!-- Default test -->
  </suite> <!-- Default suite -->
</testng-results>
